2026-05-08 19:17:09,896 - INFO - ============================================================
2026-05-08 19:17:09,896 - INFO - FunASR 音频转录服务启动
2026-05-08 19:17:09,896 - INFO - 工作目录: /home/runner/work/actionstest/actionstest
2026-05-08 19:17:09,896 - INFO - ============================================================
2026-05-08 19:17:09,896 - INFO - 检测到 VideoUrlTask.txt，开始处理 URL 下载...
2026-05-08 19:17:09,896 - INFO - 
[1/1] 处理 URL
2026-05-08 19:17:09,896 - INFO - 处理 URL: https://v26-default.365yg.com/cb1ed128e4f0132bfb1b7e646cf27a7c/69fd3b3f/video/tos/cn/tos-cn-ve-15/o0lBee3bMA77G99EROwIA1CayBtLIuMhTfu71b/?a=6383&ch=26&cr=3&dr=0&lr=all&cd=0|0|0|3&cv=1&br=1300&bt=1300&cs=0&ds=4&ft=rVWEerwwZR7Gs0Po0PDS6kwc3RZtGyqSBg9eFVcTJEr12nzXT&mime_type=video_mp4&qs=0&rc=NGU0ZzpoZTo1aTNmNjQ8NUBpM2loaHY5cnB1OjMzNGkzM0A0Yi5jMzViX2AxYl4zL2E2YSNzMy80MmRrb2FhLS1kLWFzcw==&btag=80000e00038000&cquery=100o_100w_100B_100H_100K&dy_q=1778191863&feature_id=37f92ebd2877ae8e7eba995d406c5150&l=202605080611039CAA28327486D49B0FEE
2026-05-08 19:17:09,896 - INFO - URL 类型: 直接链接
2026-05-08 19:17:09,896 - INFO - 开始下载 (requests): https://v26-default.365yg.com/cb1ed128e4f0132bfb1b7e646cf27a7c/69fd3b3f/video/tos/cn/tos-cn-ve-15/o0lBee3bMA77G99EROwIA1CayBtLIuMhTfu71b/?a=6383&ch=26&cr=3&dr=0&lr=all&cd=0|0|0|3&cv=1&br=1300&bt=1300&cs=0&ds=4&ft=rVWEerwwZR7Gs0Po0PDS6kwc3RZtGyqSBg9eFVcTJEr12nzXT&mime_type=video_mp4&qs=0&rc=NGU0ZzpoZTo1aTNmNjQ8NUBpM2loaHY5cnB1OjMzNGkzM0A0Yi5jMzViX2AxYl4zL2E2YSNzMy80MmRrb2FhLS1kLWFzcw==&btag=80000e00038000&cquery=100o_100w_100B_100H_100K&dy_q=1778191863&feature_id=37f92ebd2877ae8e7eba995d406c5150&l=202605080611039CAA28327486D49B0FEE
2026-05-08 19:17:11,288 - INFO - requests 下载失败，尝试 yt-dlp...
2026-05-08 19:17:11,289 - INFO - yt-dlp 未安装，正在安装...
error: externally-managed-environment

× This environment is externally managed
╰─> To install Python packages system-wide, try apt install
    python3-xyz, where xyz is the package you are trying to
    install.
    
    If you wish to install a non-Debian-packaged Python package,
    create a virtual environment using python3 -m venv path/to/venv.
    Then use path/to/venv/bin/python and path/to/venv/bin/pip. Make
    sure you have python3-full installed.
    
    If you wish to install a non-Debian packaged Python application,
    it may be easiest to use pipx install xyz, which will manage a
    virtual environment for you. Make sure you have pipx installed.
    
    See /usr/share/doc/python3.12/README.venv for more information.

note: If you believe this is a mistake, please contact your Python installation or OS distribution provider. You can override this, at the risk of breaking your Python installation or OS, by passing --break-system-packages.
hint: See PEP 668 for the detailed specification.
2026-05-08 19:17:11,603 - INFO - ❌ 失败 [1/1]: yt-dlp 安装失败: Command '['/usr/bin/python3', '-m', 'pip', 'install', 'yt-dlp']' returned non-zero exit status 1. (耗时: 1.71秒)
2026-05-08 19:17:11,604 - ERROR - 所有 URL 下载失败，没有音频文件可转录
