=== 下载开始时间: Wed May  6 08:00:09 UTC 2026 ===
=== VideoUrlTask.txt 内容 ===
https://v11-default.365yg.com/8558c5f60083f059e038c6662ef6daec/69fb2111/video/tos/cn/tos-cn-ve-15/oIjoGRCrpXAvPeD6BrFEgpDWA8A9ZRiEIBfkNp/?a=6383&ch=26&cr=3&dr=0&lr=all&cd=0|0|0|3&cv=1&br=1053&bt=1053&cs=0&ds=4&ft=rVWEerwwZRdzskPo0PDS6kwc3RZtGeP~mg9eF3x5XqO12nzXT&mime_type=video_mp4&qs=0&rc=aThnOTc1PDM8NDRlOTk0NUBpang6Zm85cm88OjMzNGkzM0BfLS1eLzBeNWMxYzZeNGFfYSNpMWBkMmRraG1hLS1kLWFzcw==&btag=c0000e00030000&cquery=100w_100B_100H_100K_100o&dy_q=1778054364&feature_id=37f92ebd2877ae8e7eba995d406c5150&l=20260506155923CBCEE55B512706756329

=== 下载结束时间: Wed May  6 08:00:09 UTC 2026 ===
成功: 0, 失败: 0, 总耗时: 0秒
total 8
drwxr-xr-x 2 runner runner 4096 May  6 08:00 .
drwxr-xr-x 6 runner runner 4096 May  6 08:00 ..

============================================================
下载会话开始: 2026-05-06 09:11:58
============================================================
[2026-05-06 09:11:58] [INFO] 
[1/1] 处理 URL
[2026-05-06 09:11:58] [INFO] 处理 URL: https://v11-default.365yg.com/e50cc8a09285e262aa1ba33e298b560e/69fb3179/video/tos/cn/tos-cn-ve-15/oIjoGRCrpXAvPeD6BrFEgpDWA8A9ZRiEIBfkNp/?a=6383&ch=26&cr=3&dr=0&lr=all&cd=0|0|0|3&cv=1&br=1053&bt=1053&cs=0&ds=4&ft=rVWEerwwZR7Gs0Po0PDS6kwc3RZtG7Olmg9eF0~hfJO12nzXT&mime_type=video_mp4&qs=0&rc=aThnOTc1PDM8NDRlOTk0NUBpang6Zm85cm88OjMzNGkzM0BfLS1eLzBeNWMxYzZeNGFfYSNpMWBkMmRraG1hLS1kLWFzcw==&btag=c0000e00030000&cquery=100o_100w_100B_100H_100K&dy_q=1778058564&feature_id=37f92ebd2877ae8e7eba995d406c5150&l=202605061709243D96F73C126EFEBBCD92
[2026-05-06 09:11:58] [INFO] URL 类型: 直接链接
[2026-05-06 09:11:58] [INFO] 开始下载 (requests): https://v11-default.365yg.com/e50cc8a09285e262aa1ba33e298b560e/69fb3179/video/tos/cn/tos-cn-ve-15/oIjoGRCrpXAvPeD6BrFEgpDWA8A9ZRiEIBfkNp/?a=6383&ch=26&cr=3&dr=0&lr=all&cd=0|0|0|3&cv=1&br=1053&bt=1053&cs=0&ds=4&ft=rVWEerwwZR7Gs0Po0PDS6kwc3RZtG7Olmg9eF0~hfJO12nzXT&mime_type=video_mp4&qs=0&rc=aThnOTc1PDM8NDRlOTk0NUBpang6Zm85cm88OjMzNGkzM0BfLS1eLzBeNWMxYzZeNGFfYSNpMWBkMmRraG1hLS1kLWFzcw==&btag=c0000e00030000&cquery=100o_100w_100B_100H_100K&dy_q=1778058564&feature_id=37f92ebd2877ae8e7eba995d406c5150&l=202605061709243D96F73C126EFEBBCD92
[2026-05-06 09:12:30] [INFO] 下载成功: audio_1778058718992.mp4 (69768385 bytes)
[2026-05-06 09:12:37] [INFO] 音频提取成功: audio_1778058718992.mp3
[2026-05-06 09:12:37] [INFO] ✅ 成功 [1/1]: 成功下载 69768385 bytes (耗时: 38.85秒)

============================================================
下载统计: 总计=1, 成功=1, 失败=0
总耗时: 38.85秒
结束时间: 2026-05-06 09:12:37
============================================================

============================================================
下载会话开始: 2026-05-06 09:44:39
============================================================
[2026-05-06 09:44:39] [INFO] 
[1/1] 处理 URL
[2026-05-06 09:44:39] [INFO] 处理 URL: https://v11-default.365yg.com/e50cc8a09285e262aa1ba33e298b560e/69fb3179/video/tos/cn/tos-cn-ve-15/oIjoGRCrpXAvPeD6BrFEgpDWA8A9ZRiEIBfkNp/?a=6383&ch=26&cr=3&dr=0&lr=all&cd=0|0|0|3&cv=1&br=1053&bt=1053&cs=0&ds=4&ft=rVWEerwwZR7Gs0Po0PDS6kwc3RZtG7Olmg9eF0~hfJO12nzXT&mime_type=video_mp4&qs=0&rc=aThnOTc1PDM8NDRlOTk0NUBpang6Zm85cm88OjMzNGkzM0BfLS1eLzBeNWMxYzZeNGFfYSNpMWBkMmRraG1hLS1kLWFzcw==&btag=c0000e00030000&cquery=100o_100w_100B_100H_100K&dy_q=1778058564&feature_id=37f92ebd2877ae8e7eba995d406c5150&l=202605061709243D96F73C126EFEBBCD92
[2026-05-06 09:44:39] [INFO] URL 类型: 直接链接
[2026-05-06 09:44:39] [INFO] 开始下载 (requests): https://v11-default.365yg.com/e50cc8a09285e262aa1ba33e298b560e/69fb3179/video/tos/cn/tos-cn-ve-15/oIjoGRCrpXAvPeD6BrFEgpDWA8A9ZRiEIBfkNp/?a=6383&ch=26&cr=3&dr=0&lr=all&cd=0|0|0|3&cv=1&br=1053&bt=1053&cs=0&ds=4&ft=rVWEerwwZR7Gs0Po0PDS6kwc3RZtG7Olmg9eF0~hfJO12nzXT&mime_type=video_mp4&qs=0&rc=aThnOTc1PDM8NDRlOTk0NUBpang6Zm85cm88OjMzNGkzM0BfLS1eLzBeNWMxYzZeNGFfYSNpMWBkMmRraG1hLS1kLWFzcw==&btag=c0000e00030000&cquery=100o_100w_100B_100H_100K&dy_q=1778058564&feature_id=37f92ebd2877ae8e7eba995d406c5150&l=202605061709243D96F73C126EFEBBCD92
[2026-05-06 09:45:25] [INFO] 下载成功: audio_1778060679832.mp4 (69768385 bytes)
[2026-05-06 09:45:32] [INFO] 音频提取成功: audio_1778060679832.mp3
[2026-05-06 09:45:32] [INFO] ✅ 成功 [1/1]: 成功下载 69768385 bytes (耗时: 53.11秒)

============================================================
下载统计: 总计=1, 成功=1, 失败=0
总耗时: 53.11秒
结束时间: 2026-05-06 09:45:32
============================================================

============================================================
下载会话开始: 2026-05-06 10:28:54
============================================================
[2026-05-06 10:28:54] [INFO] 
[1/1] 处理 URL
[2026-05-06 10:28:54] [INFO] 处理 URL: https://v11-default.365yg.com/e50cc8a09285e262aa1ba33e298b560e/69fb3179/video/tos/cn/tos-cn-ve-15/oIjoGRCrpXAvPeD6BrFEgpDWA8A9ZRiEIBfkNp/?a=6383&ch=26&cr=3&dr=0&lr=all&cd=0|0|0|3&cv=1&br=1053&bt=1053&cs=0&ds=4&ft=rVWEerwwZR7Gs0Po0PDS6kwc3RZtG7Olmg9eF0~hfJO12nzXT&mime_type=video_mp4&qs=0&rc=aThnOTc1PDM8NDRlOTk0NUBpang6Zm85cm88OjMzNGkzM0BfLS1eLzBeNWMxYzZeNGFfYSNpMWBkMmRraG1hLS1kLWFzcw==&btag=c0000e00030000&cquery=100o_100w_100B_100H_100K&dy_q=1778058564&feature_id=37f92ebd2877ae8e7eba995d406c5150&l=202605061709243D96F73C126EFEBBCD92
[2026-05-06 10:28:54] [INFO] URL 类型: 直接链接
[2026-05-06 10:28:54] [INFO] 开始下载 (requests): https://v11-default.365yg.com/e50cc8a09285e262aa1ba33e298b560e/69fb3179/video/tos/cn/tos-cn-ve-15/oIjoGRCrpXAvPeD6BrFEgpDWA8A9ZRiEIBfkNp/?a=6383&ch=26&cr=3&dr=0&lr=all&cd=0|0|0|3&cv=1&br=1053&bt=1053&cs=0&ds=4&ft=rVWEerwwZR7Gs0Po0PDS6kwc3RZtG7Olmg9eF0~hfJO12nzXT&mime_type=video_mp4&qs=0&rc=aThnOTc1PDM8NDRlOTk0NUBpang6Zm85cm88OjMzNGkzM0BfLS1eLzBeNWMxYzZeNGFfYSNpMWBkMmRraG1hLS1kLWFzcw==&btag=c0000e00030000&cquery=100o_100w_100B_100H_100K&dy_q=1778058564&feature_id=37f92ebd2877ae8e7eba995d406c5150&l=202605061709243D96F73C126EFEBBCD92
[2026-05-06 10:29:33] [INFO] 下载成功: audio_1778063334991.mp4 (69768385 bytes)
[2026-05-06 10:29:40] [INFO] 音频提取成功: audio_1778063334991.mp3
[2026-05-06 10:29:40] [INFO] ✅ 成功 [1/1]: 成功下载 69768385 bytes (耗时: 45.84秒)

============================================================
下载统计: 总计=1, 成功=1, 失败=0
总耗时: 45.84秒
结束时间: 2026-05-06 10:29:40
============================================================

============================================================
下载会话开始: 2026-05-06 11:05:11
============================================================
[2026-05-06 11:05:11] [INFO] 
[1/1] 处理 URL
[2026-05-06 11:05:11] [INFO] 处理 URL: https://v11-default.365yg.com/e50cc8a09285e262aa1ba33e298b560e/69fb3179/video/tos/cn/tos-cn-ve-15/oIjoGRCrpXAvPeD6BrFEgpDWA8A9ZRiEIBfkNp/?a=6383&ch=26&cr=3&dr=0&lr=all&cd=0|0|0|3&cv=1&br=1053&bt=1053&cs=0&ds=4&ft=rVWEerwwZR7Gs0Po0PDS6kwc3RZtG7Olmg9eF0~hfJO12nzXT&mime_type=video_mp4&qs=0&rc=aThnOTc1PDM8NDRlOTk0NUBpang6Zm85cm88OjMzNGkzM0BfLS1eLzBeNWMxYzZeNGFfYSNpMWBkMmRraG1hLS1kLWFzcw==&btag=c0000e00030000&cquery=100o_100w_100B_100H_100K&dy_q=1778058564&feature_id=37f92ebd2877ae8e7eba995d406c5150&l=202605061709243D96F73C126EFEBBCD92
[2026-05-06 11:05:11] [INFO] URL 类型: 直接链接
[2026-05-06 11:05:11] [INFO] 开始下载 (requests): https://v11-default.365yg.com/e50cc8a09285e262aa1ba33e298b560e/69fb3179/video/tos/cn/tos-cn-ve-15/oIjoGRCrpXAvPeD6BrFEgpDWA8A9ZRiEIBfkNp/?a=6383&ch=26&cr=3&dr=0&lr=all&cd=0|0|0|3&cv=1&br=1053&bt=1053&cs=0&ds=4&ft=rVWEerwwZR7Gs0Po0PDS6kwc3RZtG7Olmg9eF0~hfJO12nzXT&mime_type=video_mp4&qs=0&rc=aThnOTc1PDM8NDRlOTk0NUBpang6Zm85cm88OjMzNGkzM0BfLS1eLzBeNWMxYzZeNGFfYSNpMWBkMmRraG1hLS1kLWFzcw==&btag=c0000e00030000&cquery=100o_100w_100B_100H_100K&dy_q=1778058564&feature_id=37f92ebd2877ae8e7eba995d406c5150&l=202605061709243D96F73C126EFEBBCD92
[2026-05-06 11:05:51] [INFO] 下载成功: audio_1778065511109.mp4 (69768385 bytes)
[2026-05-06 11:05:58] [INFO] 音频提取成功: audio_1778065511109.mp3
[2026-05-06 11:05:58] [INFO] ✅ 成功 [1/1]: 成功下载 69768385 bytes (耗时: 47.76秒)

============================================================
下载统计: 总计=1, 成功=1, 失败=0
总耗时: 47.76秒
结束时间: 2026-05-06 11:05:58
============================================================

============================================================
下载会话开始: 2026-05-06 14:23:15
============================================================
[2026-05-06 14:23:15] [INFO] 
[1/1] 处理 URL
[2026-05-06 14:23:15] [INFO] 处理 URL: https://v26-default.365yg.com/cce04586e91e9a1670dfa0f7139b343c/69fb78cd/video/tos/cn/tos-cn-ve-15/ab9067ac137548888ae42d5d74bc4df4/?a=6383&ch=26&cr=3&dr=0&lr=all&cd=0|0|0|3&cv=1&br=894&bt=894&cs=2&ds=10&ft=rVWEerwwZR7Gs0Po0PDS6kwc3RZtGE6fmg9eFWM5tuO12nzXT&mime_type=video_mp4&qs=15&rc=Mzo0PDs6ZjppNzxkOzY0aEBpanQ3OXI5cng4OjMzNGkzM0AxNjYyXi40NWIxYDNgMTRiYSNgLi1hMmRjbXFhLS1kLWFzcw==&btag=c0000e00028000&cquery=100K_100o_100w_100B_100H&dy_q=1778077221&feature_id=e297886ea4c3239306bb1d52ed307653&l=20260506222021B375CA5B7B515C0324C0
[2026-05-06 14:23:15] [INFO] URL 类型: 直接链接
[2026-05-06 14:23:15] [INFO] 开始下载 (requests): https://v26-default.365yg.com/cce04586e91e9a1670dfa0f7139b343c/69fb78cd/video/tos/cn/tos-cn-ve-15/ab9067ac137548888ae42d5d74bc4df4/?a=6383&ch=26&cr=3&dr=0&lr=all&cd=0|0|0|3&cv=1&br=894&bt=894&cs=2&ds=10&ft=rVWEerwwZR7Gs0Po0PDS6kwc3RZtGE6fmg9eFWM5tuO12nzXT&mime_type=video_mp4&qs=15&rc=Mzo0PDs6ZjppNzxkOzY0aEBpanQ3OXI5cng4OjMzNGkzM0AxNjYyXi40NWIxYDNgMTRiYSNgLi1hMmRjbXFhLS1kLWFzcw==&btag=c0000e00028000&cquery=100K_100o_100w_100B_100H&dy_q=1778077221&feature_id=e297886ea4c3239306bb1d52ed307653&l=20260506222021B375CA5B7B515C0324C0
[2026-05-06 14:23:18] [INFO] 下载成功: audio_1778077395170.mp4 (13847992 bytes)
[2026-05-06 14:23:20] [INFO] 音频提取成功: audio_1778077395170.mp3
[2026-05-06 14:23:20] [INFO] ✅ 成功 [1/1]: 成功下载 13847992 bytes (耗时: 5.20秒)

============================================================
下载统计: 总计=1, 成功=1, 失败=0
总耗时: 5.20秒
结束时间: 2026-05-06 14:23:20
============================================================
